2016-06-03 03:30:21 [-][-][-][error][yii\db\Exception] exception 'PDOException' with message 'SQLSTATE[HY000] [1049] Unknown database 'yii2advanced'' in E:\xampp\htdocs\kd\vendor\yiisoft\yii2\db\Connection.php:600
Stack trace:
#0 E:\xampp\htdocs\kd\vendor\yiisoft\yii2\db\Connection.php(600): PDO->__construct('mysql:host=loca...', 'root', '', NULL)
#1 E:\xampp\htdocs\kd\vendor\yiisoft\yii2\db\Connection.php(542): yii\db\Connection->createPdoInstance()
#2 E:\xampp\htdocs\kd\vendor\yiisoft\yii2\db\Connection.php(861): yii\db\Connection->open()
#3 E:\xampp\htdocs\kd\vendor\yiisoft\yii2\db\Connection.php(848): yii\db\Connection->getMasterPdo()
#4 E:\xampp\htdocs\kd\vendor\yiisoft\yii2\db\Command.php(219): yii\db\Connection->getSlavePdo()
#5 E:\xampp\htdocs\kd\vendor\yiisoft\yii2\db\Command.php(894): yii\db\Command->prepare(true)
#6 E:\xampp\htdocs\kd\vendor\yiisoft\yii2\db\Command.php(362): yii\db\Command->queryInternal('fetchAll', NULL)
#7 E:\xampp\htdocs\kd\vendor\yiisoft\yii2\db\mysql\Schema.php(198): yii\db\Command->queryAll()
#8 E:\xampp\htdocs\kd\vendor\yiisoft\yii2\db\mysql\Schema.php(97): yii\db\mysql\Schema->findColumns(Object(yii\db\TableSchema))
#9 E:\xampp\htdocs\kd\vendor\yiisoft\yii2\db\Schema.php(149): yii\db\mysql\Schema->loadTableSchema('migration')
#10 E:\xampp\htdocs\kd\vendor\yiisoft\yii2\console\controllers\MigrateController.php(178): yii\db\Schema->getTableSchema('{{%migration}}', true)
#11 E:\xampp\htdocs\kd\vendor\yiisoft\yii2\console\controllers\BaseMigrateController.php(627): yii\console\controllers\MigrateController->getMigrationHistory(NULL)
#12 E:\xampp\htdocs\kd\vendor\yiisoft\yii2\console\controllers\BaseMigrateController.php(102): yii\console\controllers\BaseMigrateController->getNewMigrations()
#13 [internal function]: yii\console\controllers\BaseMigrateController->actionUp(0)
#14 E:\xampp\htdocs\kd\vendor\yiisoft\yii2\base\InlineAction.php(55): call_user_func_array(Array, Array)
#15 E:\xampp\htdocs\kd\vendor\yiisoft\yii2\base\Controller.php(154): yii\base\InlineAction->runWithParams(Array)
#16 E:\xampp\htdocs\kd\vendor\yiisoft\yii2\console\Controller.php(119): yii\base\Controller->runAction('', Array)
#17 E:\xampp\htdocs\kd\vendor\yiisoft\yii2\base\Module.php(454): yii\console\Controller->runAction('', Array)
#18 E:\xampp\htdocs\kd\vendor\yiisoft\yii2\console\Application.php(176): yii\base\Module->runAction('migrate', Array)
#19 E:\xampp\htdocs\kd\vendor\yiisoft\yii2\console\Application.php(143): yii\console\Application->runAction('migrate', Array)
#20 E:\xampp\htdocs\kd\vendor\yiisoft\yii2\base\Application.php(375): yii\console\Application->handleRequest(Object(yii\console\Request))
#21 E:\xampp\htdocs\kd\yii(27): yii\base\Application->run()
#22 {main}

Next exception 'yii\db\Exception' with message 'SQLSTATE[HY000] [1049] Unknown database 'yii2advanced'' in E:\xampp\htdocs\kd\vendor\yiisoft\yii2\db\Connection.php:547
Stack trace:
#0 E:\xampp\htdocs\kd\vendor\yiisoft\yii2\db\Connection.php(861): yii\db\Connection->open()
#1 E:\xampp\htdocs\kd\vendor\yiisoft\yii2\db\Connection.php(848): yii\db\Connection->getMasterPdo()
#2 E:\xampp\htdocs\kd\vendor\yiisoft\yii2\db\Command.php(219): yii\db\Connection->getSlavePdo()
#3 E:\xampp\htdocs\kd\vendor\yiisoft\yii2\db\Command.php(894): yii\db\Command->prepare(true)
#4 E:\xampp\htdocs\kd\vendor\yiisoft\yii2\db\Command.php(362): yii\db\Command->queryInternal('fetchAll', NULL)
#5 E:\xampp\htdocs\kd\vendor\yiisoft\yii2\db\mysql\Schema.php(198): yii\db\Command->queryAll()
#6 E:\xampp\htdocs\kd\vendor\yiisoft\yii2\db\mysql\Schema.php(97): yii\db\mysql\Schema->findColumns(Object(yii\db\TableSchema))
#7 E:\xampp\htdocs\kd\vendor\yiisoft\yii2\db\Schema.php(149): yii\db\mysql\Schema->loadTableSchema('migration')
#8 E:\xampp\htdocs\kd\vendor\yiisoft\yii2\console\controllers\MigrateController.php(178): yii\db\Schema->getTableSchema('{{%migration}}', true)
#9 E:\xampp\htdocs\kd\vendor\yiisoft\yii2\console\controllers\BaseMigrateController.php(627): yii\console\controllers\MigrateController->getMigrationHistory(NULL)
#10 E:\xampp\htdocs\kd\vendor\yiisoft\yii2\console\controllers\BaseMigrateController.php(102): yii\console\controllers\BaseMigrateController->getNewMigrations()
#11 [internal function]: yii\console\controllers\BaseMigrateController->actionUp(0)
#12 E:\xampp\htdocs\kd\vendor\yiisoft\yii2\base\InlineAction.php(55): call_user_func_array(Array, Array)
#13 E:\xampp\htdocs\kd\vendor\yiisoft\yii2\base\Controller.php(154): yii\base\InlineAction->runWithParams(Array)
#14 E:\xampp\htdocs\kd\vendor\yiisoft\yii2\console\Controller.php(119): yii\base\Controller->runAction('', Array)
#15 E:\xampp\htdocs\kd\vendor\yiisoft\yii2\base\Module.php(454): yii\console\Controller->runAction('', Array)
#16 E:\xampp\htdocs\kd\vendor\yiisoft\yii2\console\Application.php(176): yii\base\Module->runAction('migrate', Array)
#17 E:\xampp\htdocs\kd\vendor\yiisoft\yii2\console\Application.php(143): yii\console\Application->runAction('migrate', Array)
#18 E:\xampp\htdocs\kd\vendor\yiisoft\yii2\base\Application.php(375): yii\console\Application->handleRequest(Object(yii\console\Request))
#19 E:\xampp\htdocs\kd\yii(27): yii\base\Application->run()
#20 {main}
Additional Information:

2016-06-03 03:30:19 [-][-][-][info][application] $_SERVER = [
    'ALLUSERSPROFILE' => 'C:\\ProgramData'
    'APPDATA' => 'C:\\Users\\haivk\\AppData\\Roaming'
    'CommonProgramFiles' => 'C:\\Program Files (x86)\\Common Files'
    'CommonProgramFiles(x86)' => 'C:\\Program Files (x86)\\Common Files'
    'CommonProgramW6432' => 'C:\\Program Files\\Common Files'
    'COMPUTERNAME' => 'DESKTOP-EM2KVC0'
    'ComSpec' => 'C:\\Windows\\system32\\cmd.exe'
    'HOMEDRIVE' => 'C:'
    'HOMEPATH' => '\\Users\\haivk'
    'LOCALAPPDATA' => 'C:\\Users\\haivk\\AppData\\Local'
    'LOGONSERVER' => '\\\\DESKTOP-EM2KVC0'
    'NUMBER_OF_PROCESSORS' => '4'
    'OS' => 'Windows_NT'
    'Path' => 'D:\\wamp\\bin\\mysql\\mysql5.5.20\\bin;C:\\Windows\\system32;C:\\Windows;C:\\Windows\\System32\\Wbem;C:\\Windows\\System32\\WindowsPowerShell\\v1.0\\;C:\\Program Files (x86)\\AMD\\ATI.ACE\\Core-Static; D:\\wamp\\bin\\php\\php5.3.10;C:\\ProgramData\\ComposerSetup\\bin;C:\\Users\\haivk\\AppData\\Roaming\\Composer\\vendor\\bin;E:\\xampp\\php;E:\\xampp\\mysql\\bin'
    'PATHEXT' => '.COM;.EXE;.BAT;.CMD;.VBS;.VBE;.JS;.JSE;.WSF;.WSH;.MSC'
    'PHP_COMMAND' => 'php.exe'
    'PROCESSOR_ARCHITECTURE' => 'x86'
    'PROCESSOR_ARCHITEW6432' => 'AMD64'
    'PROCESSOR_IDENTIFIER' => 'Intel64 Family 6 Model 61 Stepping 4, GenuineIntel'
    'PROCESSOR_LEVEL' => '6'
    'PROCESSOR_REVISION' => '3d04'
    'ProgramData' => 'C:\\ProgramData'
    'ProgramFiles' => 'C:\\Program Files (x86)'
    'ProgramFiles(x86)' => 'C:\\Program Files (x86)'
    'ProgramW6432' => 'C:\\Program Files'
    'PROMPT' => '$P$G'
    'PSModulePath' => 'C:\\Program Files\\WindowsPowerShell\\Modules;C:\\Windows\\system32\\WindowsPowerShell\\v1.0\\Modules'
    'PUBLIC' => 'C:\\Users\\Public'
    'SESSIONNAME' => 'Console'
    'SystemDrive' => 'C:'
    'SystemRoot' => 'C:\\Windows'
    'TEMP' => 'C:\\Users\\haivk\\AppData\\Local\\Temp'
    'TMP' => 'C:\\Users\\haivk\\AppData\\Local\\Temp'
    'USERDOMAIN' => 'DESKTOP-EM2KVC0'
    'USERDOMAIN_ROAMINGPROFILE' => 'DESKTOP-EM2KVC0'
    'USERNAME' => 'haivk'
    'USERPROFILE' => 'C:\\Users\\haivk'
    'windir' => 'C:\\Windows'
    'YII_PATH' => 'E:\\xampp\\htdocs\\kd\\'
    'PHP_SELF' => 'E:\\xampp\\htdocs\\kd\\yii'
    'SCRIPT_NAME' => 'E:\\xampp\\htdocs\\kd\\yii'
    'SCRIPT_FILENAME' => 'E:\\xampp\\htdocs\\kd\\yii'
    'PATH_TRANSLATED' => 'E:\\xampp\\htdocs\\kd\\yii'
    'DOCUMENT_ROOT' => ''
    'REQUEST_TIME_FLOAT' => 1464917419.0147
    'REQUEST_TIME' => 1464917419
    'argv' => [
        0 => 'E:\\xampp\\htdocs\\kd\\yii'
        1 => 'migrate'
    ]
    'argc' => 2
]
